<?xml version="1.0" encoding="UTF-8"?>
<testsuite name="Tests.TestCase" tests="1" skipped="0" failures="0" errors="0" timestamp="2022-12-25T19:34:10" hostname="jaans-MBP.lan" time="103.399">
  <properties/>
  <testcase name="okGoogleDoMyTest()" classname="Tests.TestCase" time="103.399"/>
  <system-out><![CDATA[]]></system-out>
  <system-err><![CDATA[log4j:WARN No appenders could be found for logger (io.github.bonigarcia.wdm.cache.ResolutionCache).
log4j:WARN Please initialize the log4j system properly.
log4j:WARN See http://logging.apache.org/log4j/1.2/faq.html#noconfig for more info.
Starting ChromeDriver 108.0.5359.71 (1e0e3868ee06e91ad636a874420e3ca3ae3756ac-refs/branch-heads/5359@{#1016}) on port 43482
Only local connections are allowed.
Please see https://chromedriver.chromium.org/security-considerations for suggestions on keeping ChromeDriver safe.
ChromeDriver was started successfully.
]]></system-err>
</testsuite>
